[2025-10-14 23:40:02,148]:INFO:main:>>>>>> stage Data Ingestion stage started <<<<<<
[2025-10-14 23:40:02,148]:INFO:common:yaml file: config\config.yaml loaded successfully
[2025-10-14 23:40:02,148]:INFO:common:yaml file: params.yaml loaded successfully
[2025-10-14 23:40:02,148]:INFO:common:yaml file: schema.yaml loaded successfully
[2025-10-14 23:40:02,148]:INFO:common:created directory at: artifacts
[2025-10-14 23:40:02,148]:INFO:common:created directory at: artifacts/data_ingestion
[2025-10-14 23:40:03,167]:INFO:data_ingestion:file: artifacts/data_ingestion/data.zip downloaded with following info: Connection: close
Content-Length: 23329
Cache-Control: max-age=300
Content-Security-Policy: default-src 'none'; style-src 'unsafe-inline'; sandbox
Content-Type: application/zip
ETag: "c69888a4ae59bc5a893392785a938ccd4937981c06ba8a9d6a21aa52b4ab5b6e"
Strict-Transport-Security: max-age=31536000
X-Content-Type-Options: nosniff
X-Frame-Options: deny
X-XSS-Protection: 1; mode=block
X-GitHub-Request-Id: D70A:3AF089:1AEBE4:393E7F:68EE8E41
Accept-Ranges: bytes
Date: Tue, 14 Oct 2025 18:10:03 GMT
Via: 1.1 varnish
X-Served-By: cache-del21730-DEL
X-Cache: HIT
X-Cache-Hits: 0
X-Timer: S1760465403.842830,VS0,VE339
Vary: Authorization,Accept-Encoding
Access-Control-Allow-Origin: *
Cross-Origin-Resource-Policy: cross-origin
X-Fastly-Request-ID: ef5f5f0fece2dae4f331ac6a7df2c2bb2cbf0348
Expires: Tue, 14 Oct 2025 18:15:03 GMT
Source-Age: 0


[2025-10-14 23:40:03,185]:INFO:main:>>>>>> stage Data Ingestion stage completed <<<<<<
[2025-10-16 00:03:24,243]:INFO:common:yaml file: config\config.yaml loaded successfully
[2025-10-16 00:03:24,247]:INFO:common:yaml file: params.yaml loaded successfully
[2025-10-16 00:03:24,249]:INFO:common:yaml file: schema.yaml loaded successfully
[2025-10-16 00:03:24,250]:INFO:common:created directory at: artifacts
[2025-10-16 00:03:24,251]:INFO:common:created directory at: artifacts/data_validation
[2025-10-16 00:06:47,857]:INFO:common:yaml file: config\config.yaml loaded successfully
[2025-10-16 00:06:47,858]:INFO:common:yaml file: params.yaml loaded successfully
[2025-10-16 00:06:47,861]:INFO:common:yaml file: schema.yaml loaded successfully
[2025-10-16 00:06:47,861]:INFO:common:created directory at: artifacts
[2025-10-16 00:06:47,861]:INFO:common:created directory at: artifacts/data_validation
[2025-10-16 00:09:37,502]:INFO:common:yaml file: config\config.yaml loaded successfully
[2025-10-16 00:09:37,504]:INFO:common:yaml file: params.yaml loaded successfully
[2025-10-16 00:09:37,505]:INFO:common:yaml file: schema.yaml loaded successfully
[2025-10-16 00:09:37,508]:INFO:common:created directory at: artifacts
[2025-10-16 00:09:37,508]:INFO:common:created directory at: artifacts/data_validation
[2025-10-16 00:11:48,430]:INFO:common:yaml file: config\config.yaml loaded successfully
[2025-10-16 00:11:48,431]:INFO:common:yaml file: params.yaml loaded successfully
[2025-10-16 00:11:48,433]:INFO:common:yaml file: schema.yaml loaded successfully
[2025-10-16 00:11:48,433]:INFO:common:created directory at: artifacts
[2025-10-16 00:11:48,433]:INFO:common:created directory at: artifacts/data_validation
[2025-10-16 00:22:33,059]:INFO:main:>>>>>> stage Data Ingestion stage started <<<<<<
[2025-10-16 00:22:33,059]:INFO:common:yaml file: config\config.yaml loaded successfully
[2025-10-16 00:22:33,059]:INFO:common:yaml file: params.yaml loaded successfully
[2025-10-16 00:22:33,059]:INFO:common:yaml file: schema.yaml loaded successfully
[2025-10-16 00:22:33,059]:INFO:common:created directory at: artifacts
[2025-10-16 00:22:33,059]:INFO:common:created directory at: artifacts/data_ingestion
[2025-10-16 00:22:33,059]:INFO:data_ingestion:file already exists of size
[2025-10-16 00:22:33,100]:INFO:main:>>>>>> stage Data Ingestion stage completed <<<<<<
[2025-10-16 00:22:33,101]:INFO:main:>>>>>> stage Data Validation stage started <<<<<<
[2025-10-16 00:22:33,101]:INFO:common:yaml file: config\config.yaml loaded successfully
[2025-10-16 00:22:33,102]:INFO:common:yaml file: params.yaml loaded successfully
[2025-10-16 00:22:33,103]:INFO:common:yaml file: schema.yaml loaded successfully
[2025-10-16 00:22:33,103]:INFO:common:created directory at: artifacts
[2025-10-16 00:22:33,104]:INFO:common:created directory at: artifacts/data_validation
[2025-10-16 00:22:33,139]:INFO:main:>>>>>> stage Data Validation stage completed <<<<<<
[2025-10-16 22:54:32,011]:INFO:common:yaml file: config\config.yaml loaded successfully
[2025-10-16 22:54:32,012]:INFO:common:yaml file: params.yaml loaded successfully
[2025-10-16 22:54:32,014]:INFO:common:yaml file: schema.yaml loaded successfully
[2025-10-16 22:54:32,015]:INFO:common:created directory at: artifacts
[2025-10-16 22:54:32,016]:INFO:common:created directory at: artifacts/data_transformation
[2025-10-16 22:54:43,602]:INFO:common:yaml file: config\config.yaml loaded successfully
[2025-10-16 22:54:43,604]:INFO:common:yaml file: params.yaml loaded successfully
[2025-10-16 22:54:43,604]:INFO:common:yaml file: schema.yaml loaded successfully
[2025-10-16 22:54:43,604]:INFO:common:created directory at: artifacts
[2025-10-16 22:54:43,604]:INFO:common:created directory at: artifacts/data_transformation
[2025-10-16 22:54:43,631]:INFO:215215251:Splitted data into trainning and test split
[2025-10-16 22:54:43,631]:INFO:215215251:(1199, 12)
[2025-10-16 22:54:43,631]:INFO:215215251:(400, 12)
[2025-10-16 23:06:56,277]:INFO:main:>>>>>> stage Data Ingestion stage started <<<<<<
[2025-10-16 23:06:56,277]:INFO:common:yaml file: config\config.yaml loaded successfully
[2025-10-16 23:06:56,277]:INFO:common:yaml file: params.yaml loaded successfully
[2025-10-16 23:06:56,277]:INFO:common:yaml file: schema.yaml loaded successfully
[2025-10-16 23:06:56,277]:INFO:common:created directory at: artifacts
[2025-10-16 23:06:56,277]:INFO:common:created directory at: artifacts/data_ingestion
[2025-10-16 23:06:56,277]:INFO:data_ingestion:file already exists of size
[2025-10-16 23:06:56,323]:INFO:main:>>>>>> stage Data Ingestion stage completed <<<<<<
[2025-10-16 23:06:56,323]:INFO:main:>>>>>> stage Data Validation stage started <<<<<<
[2025-10-16 23:06:56,324]:INFO:common:yaml file: config\config.yaml loaded successfully
[2025-10-16 23:06:56,324]:INFO:common:yaml file: params.yaml loaded successfully
[2025-10-16 23:06:56,325]:INFO:common:yaml file: schema.yaml loaded successfully
[2025-10-16 23:06:56,325]:INFO:common:created directory at: artifacts
[2025-10-16 23:06:56,326]:INFO:common:created directory at: artifacts/data_validation
[2025-10-16 23:06:56,358]:INFO:main:>>>>>> stage Data Validation stage completed <<<<<<
[2025-10-16 23:06:56,358]:INFO:main:>>>>>> stage Data Transformation stage started <<<<<<
[2025-10-16 23:06:56,359]:INFO:data_transformation_pipeline:>>>>>> stage Data Transformation stage skipped <<<<<<
[2025-10-16 23:06:56,359]:ERROR:main:Data validation failed
Traceback (most recent call last):
  File "D:\Desktop\MLOPS\DataScienceProject\main.py", line 31, in <module>
    data_transformation.initiate_data_transformation()
  File "D:\Desktop\MLOPS\DataScienceProject\src\datascienceproject\pipeline\data_transformation_pipeline.py", line 27, in initiate_data_transformation
    raise e
  File "D:\Desktop\MLOPS\DataScienceProject\src\datascienceproject\pipeline\data_transformation_pipeline.py", line 24, in initiate_data_transformation
    raise Exception("Data validation failed")
Exception: Data validation failed
[2025-10-16 23:08:54,546]:INFO:main:>>>>>> stage Data Ingestion stage started <<<<<<
[2025-10-16 23:08:54,546]:INFO:common:yaml file: config\config.yaml loaded successfully
[2025-10-16 23:08:54,546]:INFO:common:yaml file: params.yaml loaded successfully
[2025-10-16 23:08:54,546]:INFO:common:yaml file: schema.yaml loaded successfully
[2025-10-16 23:08:54,546]:INFO:common:created directory at: artifacts
[2025-10-16 23:08:54,546]:INFO:common:created directory at: artifacts/data_ingestion
[2025-10-16 23:08:54,546]:INFO:data_ingestion:file already exists of size
[2025-10-16 23:08:54,546]:INFO:main:>>>>>> stage Data Ingestion stage completed <<<<<<
[2025-10-16 23:08:54,546]:INFO:main:>>>>>> stage Data Validation stage started <<<<<<
[2025-10-16 23:08:54,546]:INFO:common:yaml file: config\config.yaml loaded successfully
[2025-10-16 23:08:54,555]:INFO:common:yaml file: params.yaml loaded successfully
[2025-10-16 23:08:54,556]:INFO:common:yaml file: schema.yaml loaded successfully
[2025-10-16 23:08:54,556]:INFO:common:created directory at: artifacts
[2025-10-16 23:08:54,556]:INFO:common:created directory at: artifacts/data_validation
[2025-10-16 23:08:54,590]:INFO:main:>>>>>> stage Data Validation stage completed <<<<<<
[2025-10-16 23:08:54,591]:INFO:main:>>>>>> stage Data Transformation stage started <<<<<<
[2025-10-16 23:08:54,592]:INFO:data_transformation_pipeline:>>>>>> stage Data Transformation stage skipped <<<<<<
[2025-10-16 23:08:54,593]:ERROR:main:Data validation failed
Traceback (most recent call last):
  File "D:\Desktop\MLOPS\DataScienceProject\main.py", line 31, in <module>
    data_transformation.initiate_data_transformation()
  File "D:\Desktop\MLOPS\DataScienceProject\src\datascienceproject\pipeline\data_transformation_pipeline.py", line 27, in initiate_data_transformation
    raise e
  File "D:\Desktop\MLOPS\DataScienceProject\src\datascienceproject\pipeline\data_transformation_pipeline.py", line 24, in initiate_data_transformation
    raise Exception("Data validation failed")
Exception: Data validation failed
[2025-10-16 23:09:24,905]:INFO:main:>>>>>> stage Data Ingestion stage started <<<<<<
[2025-10-16 23:09:24,906]:INFO:common:yaml file: config\config.yaml loaded successfully
[2025-10-16 23:09:24,906]:INFO:common:yaml file: params.yaml loaded successfully
[2025-10-16 23:09:24,906]:INFO:common:yaml file: schema.yaml loaded successfully
[2025-10-16 23:09:24,906]:INFO:common:created directory at: artifacts
[2025-10-16 23:09:24,906]:INFO:common:created directory at: artifacts/data_ingestion
[2025-10-16 23:09:24,906]:INFO:data_ingestion:file already exists of size
[2025-10-16 23:09:24,906]:INFO:main:>>>>>> stage Data Ingestion stage completed <<<<<<
[2025-10-16 23:09:24,906]:INFO:main:>>>>>> stage Data Validation stage started <<<<<<
[2025-10-16 23:09:24,913]:INFO:common:yaml file: config\config.yaml loaded successfully
[2025-10-16 23:09:24,915]:INFO:common:yaml file: params.yaml loaded successfully
[2025-10-16 23:09:24,916]:INFO:common:yaml file: schema.yaml loaded successfully
[2025-10-16 23:09:24,917]:INFO:common:created directory at: artifacts
[2025-10-16 23:09:24,917]:INFO:common:created directory at: artifacts/data_validation
[2025-10-16 23:09:24,955]:INFO:main:>>>>>> stage Data Validation stage completed <<<<<<
[2025-10-16 23:09:24,955]:INFO:main:>>>>>> stage Data Transformation stage started <<<<<<
[2025-10-16 23:09:24,957]:INFO:data_transformation_pipeline:>>>>>> stage Data Transformation stage skipped <<<<<<
[2025-10-16 23:09:24,957]:ERROR:main:Data transformation failed
Traceback (most recent call last):
  File "D:\Desktop\MLOPS\DataScienceProject\main.py", line 31, in <module>
    data_transformation.initiate_data_transformation()
  File "D:\Desktop\MLOPS\DataScienceProject\src\datascienceproject\pipeline\data_transformation_pipeline.py", line 27, in initiate_data_transformation
    raise e
  File "D:\Desktop\MLOPS\DataScienceProject\src\datascienceproject\pipeline\data_transformation_pipeline.py", line 24, in initiate_data_transformation
    raise Exception("Data transformation failed")
Exception: Data transformation failed
[2025-10-16 23:10:33,389]:INFO:main:>>>>>> stage Data Ingestion stage started <<<<<<
[2025-10-16 23:10:33,392]:INFO:common:yaml file: config\config.yaml loaded successfully
[2025-10-16 23:10:33,392]:INFO:common:yaml file: params.yaml loaded successfully
[2025-10-16 23:10:33,392]:INFO:common:yaml file: schema.yaml loaded successfully
[2025-10-16 23:10:33,392]:INFO:common:created directory at: artifacts
[2025-10-16 23:10:33,392]:INFO:common:created directory at: artifacts/data_ingestion
[2025-10-16 23:10:33,392]:INFO:data_ingestion:file already exists of size
[2025-10-16 23:10:33,392]:INFO:main:>>>>>> stage Data Ingestion stage completed <<<<<<
[2025-10-16 23:10:33,392]:INFO:main:>>>>>> stage Data Validation stage started <<<<<<
[2025-10-16 23:10:33,392]:INFO:common:yaml file: config\config.yaml loaded successfully
[2025-10-16 23:10:33,398]:INFO:common:yaml file: params.yaml loaded successfully
[2025-10-16 23:10:33,398]:INFO:common:yaml file: schema.yaml loaded successfully
[2025-10-16 23:10:33,399]:INFO:common:created directory at: artifacts
[2025-10-16 23:10:33,399]:INFO:common:created directory at: artifacts/data_validation
[2025-10-16 23:10:33,434]:INFO:main:>>>>>> stage Data Validation stage completed <<<<<<
[2025-10-16 23:10:33,434]:INFO:main:>>>>>> stage Data Transformation stage started <<<<<<
[2025-10-16 23:10:33,435]:INFO:data_transformation_pipeline:>>>>>> stage Data Transformation stage skipped <<<<<<
[2025-10-16 23:10:33,435]:ERROR:main:Data transformation failed
Traceback (most recent call last):
  File "D:\Desktop\MLOPS\DataScienceProject\main.py", line 31, in <module>
    data_transformation.initiate_data_transformation()
  File "D:\Desktop\MLOPS\DataScienceProject\src\datascienceproject\pipeline\data_transformation_pipeline.py", line 27, in initiate_data_transformation
    raise e
  File "D:\Desktop\MLOPS\DataScienceProject\src\datascienceproject\pipeline\data_transformation_pipeline.py", line 24, in initiate_data_transformation
    raise Exception("Data transformation failed")
Exception: Data transformation failed
[2025-10-16 23:10:59,301]:INFO:main:>>>>>> stage Data Ingestion stage started <<<<<<
[2025-10-16 23:10:59,301]:INFO:common:yaml file: config\config.yaml loaded successfully
[2025-10-16 23:10:59,301]:INFO:common:yaml file: params.yaml loaded successfully
[2025-10-16 23:10:59,301]:INFO:common:yaml file: schema.yaml loaded successfully
[2025-10-16 23:10:59,301]:INFO:common:created directory at: artifacts
[2025-10-16 23:10:59,301]:INFO:common:created directory at: artifacts/data_ingestion
[2025-10-16 23:10:59,301]:INFO:data_ingestion:file already exists of size
[2025-10-16 23:10:59,301]:INFO:main:>>>>>> stage Data Ingestion stage completed <<<<<<
[2025-10-16 23:10:59,301]:INFO:main:>>>>>> stage Data Validation stage started <<<<<<
[2025-10-16 23:10:59,313]:INFO:common:yaml file: config\config.yaml loaded successfully
[2025-10-16 23:10:59,313]:INFO:common:yaml file: params.yaml loaded successfully
[2025-10-16 23:10:59,314]:INFO:common:yaml file: schema.yaml loaded successfully
[2025-10-16 23:10:59,314]:INFO:common:created directory at: artifacts
[2025-10-16 23:10:59,314]:INFO:common:created directory at: artifacts/data_validation
[2025-10-16 23:10:59,345]:INFO:main:>>>>>> stage Data Validation stage completed <<<<<<
[2025-10-16 23:10:59,345]:INFO:main:>>>>>> stage Data Transformation stage started <<<<<<
[2025-10-16 23:10:59,345]:INFO:common:yaml file: config\config.yaml loaded successfully
[2025-10-16 23:10:59,345]:INFO:common:yaml file: params.yaml loaded successfully
[2025-10-16 23:10:59,345]:INFO:common:yaml file: schema.yaml loaded successfully
[2025-10-16 23:10:59,345]:INFO:common:created directory at: artifacts
[2025-10-16 23:10:59,345]:INFO:common:created directory at: artifacts/data_transformation
[2025-10-16 23:10:59,362]:INFO:data_tranformation:Splitted data into trainning and test split
[2025-10-16 23:10:59,362]:INFO:data_tranformation:(1199, 12)
[2025-10-16 23:10:59,362]:INFO:data_tranformation:(400, 12)
[2025-10-16 23:10:59,362]:INFO:data_transformation_pipeline:>>>>>> stage Data Transformation stage completed <<<<<<
[2025-10-16 23:10:59,362]:INFO:main:>>>>>> stage Data Transformation stage completed <<<<<<
[2025-10-17 21:58:55,790]:INFO:common:yaml file: config\config.yaml loaded successfully
[2025-10-17 21:58:55,792]:INFO:common:yaml file: params.yaml loaded successfully
[2025-10-17 21:58:55,795]:INFO:common:yaml file: schema.yaml loaded successfully
[2025-10-17 21:58:55,795]:INFO:common:created directory at: artifacts
[2025-10-17 21:58:55,795]:INFO:common:created directory at: artifacts/model_trainer
[2025-10-17 21:59:22,877]:INFO:common:yaml file: config\config.yaml loaded successfully
[2025-10-17 21:59:22,878]:INFO:common:yaml file: params.yaml loaded successfully
[2025-10-17 21:59:22,879]:INFO:common:yaml file: schema.yaml loaded successfully
[2025-10-17 21:59:22,881]:INFO:common:created directory at: artifacts
[2025-10-17 21:59:22,881]:INFO:common:created directory at: artifacts/model_trainer
[2025-10-17 21:59:59,485]:INFO:common:yaml file: config\config.yaml loaded successfully
[2025-10-17 21:59:59,487]:INFO:common:yaml file: params.yaml loaded successfully
[2025-10-17 21:59:59,489]:INFO:common:yaml file: schema.yaml loaded successfully
[2025-10-17 21:59:59,490]:INFO:common:created directory at: artifacts
[2025-10-17 21:59:59,492]:INFO:common:created directory at: artifacts/model_trainer
[2025-10-17 21:59:59,501]:INFO:3511284925:Model is trained and saved at artifacts/model_trainer
[2025-10-17 22:11:08,132]:INFO:main:>>>>>> stage Data Ingestion stage started <<<<<<
[2025-10-17 22:11:08,132]:INFO:common:yaml file: config\config.yaml loaded successfully
[2025-10-17 22:11:08,132]:INFO:common:yaml file: params.yaml loaded successfully
[2025-10-17 22:11:08,132]:INFO:common:yaml file: schema.yaml loaded successfully
[2025-10-17 22:11:08,132]:INFO:common:created directory at: artifacts
[2025-10-17 22:11:08,132]:INFO:common:created directory at: artifacts/data_ingestion
[2025-10-17 22:11:08,132]:INFO:data_ingestion:file already exists of size
[2025-10-17 22:11:08,167]:INFO:main:>>>>>> stage Data Ingestion stage completed <<<<<<
[2025-10-17 22:11:08,167]:INFO:main:>>>>>> stage Data Validation stage started <<<<<<
[2025-10-17 22:11:08,168]:INFO:common:yaml file: config\config.yaml loaded successfully
[2025-10-17 22:11:08,168]:INFO:common:yaml file: params.yaml loaded successfully
[2025-10-17 22:11:08,170]:INFO:common:yaml file: schema.yaml loaded successfully
[2025-10-17 22:11:08,171]:INFO:common:created directory at: artifacts
[2025-10-17 22:11:08,171]:INFO:common:created directory at: artifacts/data_validation
[2025-10-17 22:11:08,201]:INFO:main:>>>>>> stage Data Validation stage completed <<<<<<
[2025-10-17 22:11:08,202]:INFO:main:>>>>>> stage Data Transformation stage started <<<<<<
[2025-10-17 22:11:08,220]:INFO:common:yaml file: config\config.yaml loaded successfully
[2025-10-17 22:11:08,221]:INFO:common:yaml file: params.yaml loaded successfully
[2025-10-17 22:11:08,222]:INFO:common:yaml file: schema.yaml loaded successfully
[2025-10-17 22:11:08,222]:INFO:common:created directory at: artifacts
[2025-10-17 22:11:08,222]:INFO:common:created directory at: artifacts/data_transformation
[2025-10-17 22:11:08,237]:INFO:data_tranformation:Splitted data into trainning and test split
[2025-10-17 22:11:08,237]:INFO:data_tranformation:(1199, 12)
[2025-10-17 22:11:08,237]:INFO:data_tranformation:(400, 12)
[2025-10-17 22:11:08,237]:INFO:data_transformation_pipeline:>>>>>> stage Data Transformation stage completed <<<<<<
[2025-10-17 22:11:08,237]:INFO:main:>>>>>> stage Data Transformation stage completed <<<<<<
[2025-10-17 22:11:08,237]:INFO:main:>>>>>> stage Model Trainer stage started <<<<<<
[2025-10-17 22:11:08,239]:INFO:common:yaml file: config\config.yaml loaded successfully
[2025-10-17 22:11:08,239]:INFO:common:yaml file: params.yaml loaded successfully
[2025-10-17 22:11:08,240]:INFO:common:yaml file: schema.yaml loaded successfully
[2025-10-17 22:11:08,241]:INFO:common:created directory at: artifacts
[2025-10-17 22:11:08,241]:INFO:common:created directory at: artifacts/model_trainer
[2025-10-17 22:11:08,295]:INFO:model_trainer:Model is trained and saved at artifacts/model_trainer
[2025-10-17 22:11:08,295]:INFO:main:>>>>>> stage Model Trainer stage completed <<<<<<
[2025-10-17 23:01:55,584]:INFO:common:yaml file: config\config.yaml loaded successfully
[2025-10-17 23:01:55,586]:INFO:common:yaml file: params.yaml loaded successfully
[2025-10-17 23:01:55,598]:INFO:common:yaml file: schema.yaml loaded successfully
[2025-10-17 23:01:55,600]:INFO:common:created directory at: artifacts
[2025-10-17 23:01:55,601]:INFO:common:created directory at: artifacts/model_evaluation
[2025-10-17 23:03:37,895]:INFO:common:yaml file: config\config.yaml loaded successfully
[2025-10-17 23:03:37,897]:INFO:common:yaml file: params.yaml loaded successfully
[2025-10-17 23:03:37,898]:INFO:common:yaml file: schema.yaml loaded successfully
[2025-10-17 23:03:37,898]:INFO:common:created directory at: artifacts
[2025-10-17 23:03:37,898]:INFO:common:created directory at: artifacts/model_evaluation
[2025-10-17 23:03:38,297]:INFO:common:json file: artifacts\model_evaluation\metrics.json saved successfully
[2025-10-17 23:14:50,958]:INFO:main:>>>>>> stage Data Ingestion stage started <<<<<<
[2025-10-17 23:14:50,958]:INFO:common:yaml file: config\config.yaml loaded successfully
[2025-10-17 23:14:50,958]:INFO:common:yaml file: params.yaml loaded successfully
[2025-10-17 23:14:50,958]:INFO:common:yaml file: schema.yaml loaded successfully
[2025-10-17 23:14:50,958]:INFO:common:created directory at: artifacts
[2025-10-17 23:14:50,972]:INFO:common:created directory at: artifacts/data_ingestion
[2025-10-17 23:14:50,972]:INFO:data_ingestion:file already exists of size
[2025-10-17 23:14:50,993]:INFO:main:>>>>>> stage Data Ingestion stage completed <<<<<<
[2025-10-17 23:14:50,993]:INFO:main:>>>>>> stage Data Validation stage started <<<<<<
[2025-10-17 23:14:51,000]:INFO:common:yaml file: config\config.yaml loaded successfully
[2025-10-17 23:14:51,001]:INFO:common:yaml file: params.yaml loaded successfully
[2025-10-17 23:14:51,001]:INFO:common:yaml file: schema.yaml loaded successfully
[2025-10-17 23:14:51,003]:INFO:common:created directory at: artifacts
[2025-10-17 23:14:51,003]:INFO:common:created directory at: artifacts/data_validation
[2025-10-17 23:14:51,034]:INFO:main:>>>>>> stage Data Validation stage completed <<<<<<
[2025-10-17 23:14:51,034]:INFO:main:>>>>>> stage Data Transformation stage started <<<<<<
[2025-10-17 23:14:51,034]:INFO:common:yaml file: config\config.yaml loaded successfully
[2025-10-17 23:14:51,034]:INFO:common:yaml file: params.yaml loaded successfully
[2025-10-17 23:14:51,034]:INFO:common:yaml file: schema.yaml loaded successfully
[2025-10-17 23:14:51,034]:INFO:common:created directory at: artifacts
[2025-10-17 23:14:51,034]:INFO:common:created directory at: artifacts/data_transformation
[2025-10-17 23:14:51,054]:INFO:data_tranformation:Splitted data into trainning and test split
[2025-10-17 23:14:51,054]:INFO:data_tranformation:(1199, 12)
[2025-10-17 23:14:51,054]:INFO:data_tranformation:(400, 12)
[2025-10-17 23:14:51,054]:INFO:data_transformation_pipeline:>>>>>> stage Data Transformation stage completed <<<<<<
[2025-10-17 23:14:51,054]:INFO:main:>>>>>> stage Data Transformation stage completed <<<<<<
[2025-10-17 23:14:51,054]:INFO:main:>>>>>> stage Model Trainer stage started <<<<<<
[2025-10-17 23:14:51,055]:INFO:common:yaml file: config\config.yaml loaded successfully
[2025-10-17 23:14:51,056]:INFO:common:yaml file: params.yaml loaded successfully
[2025-10-17 23:14:51,057]:INFO:common:yaml file: schema.yaml loaded successfully
[2025-10-17 23:14:51,057]:INFO:common:created directory at: artifacts
[2025-10-17 23:14:51,057]:INFO:common:created directory at: artifacts/model_trainer
[2025-10-17 23:14:51,212]:INFO:model_trainer:Model is trained and saved at artifacts/model_trainer
[2025-10-17 23:14:51,212]:INFO:main:>>>>>> stage Model Trainer stage completed <<<<<<
[2025-10-17 23:14:51,212]:INFO:main:>>>>>> stage Model Evaluation stage started <<<<<<
[2025-10-17 23:14:51,212]:INFO:common:yaml file: config\config.yaml loaded successfully
[2025-10-17 23:14:51,212]:INFO:common:yaml file: params.yaml loaded successfully
[2025-10-17 23:14:51,212]:INFO:common:yaml file: schema.yaml loaded successfully
[2025-10-17 23:14:51,212]:INFO:common:created directory at: artifacts
[2025-10-17 23:14:51,216]:INFO:common:created directory at: artifacts/model_evaluation
[2025-10-17 23:14:51,731]:INFO:common:json file: artifacts\model_evaluation\metrics.json saved successfully
[2025-10-17 23:14:54,143]:INFO:main:>>>>>> stage Model Evaluation stage completed <<<<<<
[2025-10-17 23:19:12,247]:INFO:main:>>>>>> stage Data Ingestion stage started <<<<<<
[2025-10-17 23:19:12,247]:INFO:common:yaml file: config\config.yaml loaded successfully
[2025-10-17 23:19:12,247]:INFO:common:yaml file: params.yaml loaded successfully
[2025-10-17 23:19:12,247]:INFO:common:yaml file: schema.yaml loaded successfully
[2025-10-17 23:19:12,247]:INFO:common:created directory at: artifacts
[2025-10-17 23:19:12,247]:INFO:common:created directory at: artifacts/data_ingestion
[2025-10-17 23:19:12,247]:INFO:data_ingestion:file already exists of size
[2025-10-17 23:19:12,247]:INFO:main:>>>>>> stage Data Ingestion stage completed <<<<<<
[2025-10-17 23:19:12,247]:INFO:main:>>>>>> stage Data Validation stage started <<<<<<
[2025-10-17 23:19:12,259]:INFO:common:yaml file: config\config.yaml loaded successfully
[2025-10-17 23:19:12,259]:INFO:common:yaml file: params.yaml loaded successfully
[2025-10-17 23:19:12,259]:INFO:common:yaml file: schema.yaml loaded successfully
[2025-10-17 23:19:12,259]:INFO:common:created directory at: artifacts
[2025-10-17 23:19:12,259]:INFO:common:created directory at: artifacts/data_validation
[2025-10-17 23:19:12,290]:INFO:main:>>>>>> stage Data Validation stage completed <<<<<<
[2025-10-17 23:19:12,290]:INFO:main:>>>>>> stage Data Transformation stage started <<<<<<
[2025-10-17 23:19:12,297]:INFO:common:yaml file: config\config.yaml loaded successfully
[2025-10-17 23:19:12,298]:INFO:common:yaml file: params.yaml loaded successfully
[2025-10-17 23:19:12,299]:INFO:common:yaml file: schema.yaml loaded successfully
[2025-10-17 23:19:12,299]:INFO:common:created directory at: artifacts
[2025-10-17 23:19:12,299]:INFO:common:created directory at: artifacts/data_transformation
[2025-10-17 23:19:12,312]:INFO:data_tranformation:Splitted data into trainning and test split
[2025-10-17 23:19:12,313]:INFO:data_tranformation:(1199, 12)
[2025-10-17 23:19:12,313]:INFO:data_tranformation:(400, 12)
[2025-10-17 23:19:12,313]:INFO:data_transformation_pipeline:>>>>>> stage Data Transformation stage completed <<<<<<
[2025-10-17 23:19:12,313]:INFO:main:>>>>>> stage Data Transformation stage completed <<<<<<
[2025-10-17 23:19:12,313]:INFO:main:>>>>>> stage Model Trainer stage started <<<<<<
[2025-10-17 23:19:12,314]:INFO:common:yaml file: config\config.yaml loaded successfully
[2025-10-17 23:19:12,315]:INFO:common:yaml file: params.yaml loaded successfully
[2025-10-17 23:19:12,316]:INFO:common:yaml file: schema.yaml loaded successfully
[2025-10-17 23:19:12,316]:INFO:common:created directory at: artifacts
[2025-10-17 23:19:12,316]:INFO:common:created directory at: artifacts/model_trainer
[2025-10-17 23:19:12,369]:INFO:model_trainer:Model is trained and saved at artifacts/model_trainer
[2025-10-17 23:19:12,369]:INFO:main:>>>>>> stage Model Trainer stage completed <<<<<<
[2025-10-17 23:19:12,369]:INFO:main:>>>>>> stage Model Evaluation stage started <<<<<<
[2025-10-17 23:19:12,369]:INFO:common:yaml file: config\config.yaml loaded successfully
[2025-10-17 23:19:12,369]:INFO:common:yaml file: params.yaml loaded successfully
[2025-10-17 23:19:12,369]:INFO:common:yaml file: schema.yaml loaded successfully
[2025-10-17 23:19:12,369]:INFO:common:created directory at: artifacts
[2025-10-17 23:19:12,369]:INFO:common:created directory at: artifacts/model_evaluation
[2025-10-17 23:19:12,837]:INFO:common:json file: artifacts\model_evaluation\metrics.json saved successfully
[2025-10-17 23:19:15,162]:INFO:main:>>>>>> stage Model Evaluation stage completed <<<<<<
[2025-10-17 23:24:18,563]:INFO:main:>>>>>> stage Data Ingestion stage started <<<<<<
[2025-10-17 23:24:18,565]:INFO:common:yaml file: config\config.yaml loaded successfully
[2025-10-17 23:24:18,565]:INFO:common:yaml file: params.yaml loaded successfully
[2025-10-17 23:24:18,567]:INFO:common:yaml file: schema.yaml loaded successfully
[2025-10-17 23:24:18,567]:INFO:common:created directory at: artifacts
[2025-10-17 23:24:18,567]:INFO:common:created directory at: artifacts/data_ingestion
[2025-10-17 23:24:18,567]:INFO:data_ingestion:file already exists of size
[2025-10-17 23:24:18,569]:INFO:main:>>>>>> stage Data Ingestion stage completed <<<<<<
[2025-10-17 23:24:18,569]:INFO:main:>>>>>> stage Data Validation stage started <<<<<<
[2025-10-17 23:24:18,572]:INFO:common:yaml file: config\config.yaml loaded successfully
[2025-10-17 23:24:18,573]:INFO:common:yaml file: params.yaml loaded successfully
[2025-10-17 23:24:18,574]:INFO:common:yaml file: schema.yaml loaded successfully
[2025-10-17 23:24:18,574]:INFO:common:created directory at: artifacts
[2025-10-17 23:24:18,574]:INFO:common:created directory at: artifacts/data_validation
[2025-10-17 23:24:18,608]:INFO:main:>>>>>> stage Data Validation stage completed <<<<<<
[2025-10-17 23:24:18,608]:INFO:main:>>>>>> stage Data Transformation stage started <<<<<<
[2025-10-17 23:24:18,611]:INFO:common:yaml file: config\config.yaml loaded successfully
[2025-10-17 23:24:18,612]:INFO:common:yaml file: params.yaml loaded successfully
[2025-10-17 23:24:18,613]:INFO:common:yaml file: schema.yaml loaded successfully
[2025-10-17 23:24:18,613]:INFO:common:created directory at: artifacts
[2025-10-17 23:24:18,613]:INFO:common:created directory at: artifacts/data_transformation
[2025-10-17 23:24:18,626]:INFO:data_tranformation:Splitted data into trainning and test split
[2025-10-17 23:24:18,626]:INFO:data_tranformation:(1199, 12)
[2025-10-17 23:24:18,626]:INFO:data_tranformation:(400, 12)
[2025-10-17 23:24:18,626]:INFO:data_transformation_pipeline:>>>>>> stage Data Transformation stage completed <<<<<<
[2025-10-17 23:24:18,626]:INFO:main:>>>>>> stage Data Transformation stage completed <<<<<<
[2025-10-17 23:24:18,626]:INFO:main:>>>>>> stage Model Trainer stage started <<<<<<
[2025-10-17 23:24:18,626]:INFO:common:yaml file: config\config.yaml loaded successfully
[2025-10-17 23:24:18,626]:INFO:common:yaml file: params.yaml loaded successfully
[2025-10-17 23:24:18,626]:INFO:common:yaml file: schema.yaml loaded successfully
[2025-10-17 23:24:18,630]:INFO:common:created directory at: artifacts
[2025-10-17 23:24:18,630]:INFO:common:created directory at: artifacts/model_trainer
[2025-10-17 23:24:18,689]:INFO:model_trainer:Model is trained and saved at artifacts/model_trainer
[2025-10-17 23:24:18,689]:INFO:main:>>>>>> stage Model Trainer stage completed <<<<<<
[2025-10-17 23:24:18,689]:INFO:main:>>>>>> stage Model Evaluation stage started <<<<<<
[2025-10-17 23:24:18,689]:INFO:common:yaml file: config\config.yaml loaded successfully
[2025-10-17 23:24:18,689]:INFO:common:yaml file: params.yaml loaded successfully
[2025-10-17 23:24:18,689]:INFO:common:yaml file: schema.yaml loaded successfully
[2025-10-17 23:24:18,689]:INFO:common:created directory at: artifacts
[2025-10-17 23:24:18,689]:INFO:common:created directory at: artifacts/model_evaluation
[2025-10-17 23:24:20,267]:INFO:common:json file: artifacts\model_evaluation\metrics.json saved successfully
[2025-10-17 23:24:29,277]:INFO:main:>>>>>> stage Model Evaluation stage completed <<<<<<
[2025-10-17 23:51:54,926]:INFO:_internal:[31m[1mWARNING: This is a development server. Do not use it in a production deployment. Use a production WSGI server instead.[0m
 * Running on all addresses (0.0.0.0)
 * Running on http://127.0.0.1:5000
 * Running on http://192.168.0.161:5000
[2025-10-17 23:51:54,926]:INFO:_internal:[33mPress CTRL+C to quit[0m
[2025-10-17 23:52:04,213]:INFO:_internal:127.0.0.1 - - [17/Oct/2025 23:52:04] "GET / HTTP/1.1" 200 -
[2025-10-17 23:52:04,550]:INFO:_internal:127.0.0.1 - - [17/Oct/2025 23:52:04] "[33mGET /static/assets/img/form-v9.jpg HTTP/1.1[0m" 404 -
[2025-10-17 23:52:04,691]:INFO:_internal:127.0.0.1 - - [17/Oct/2025 23:52:04] "[33mGET /favicon.ico HTTP/1.1[0m" 404 -
[2025-10-17 23:52:39,567]:INFO:main:>>>>>> stage Data Ingestion stage started <<<<<<
[2025-10-17 23:52:39,569]:INFO:common:yaml file: config\config.yaml loaded successfully
[2025-10-17 23:52:39,570]:INFO:common:yaml file: params.yaml loaded successfully
[2025-10-17 23:52:39,571]:INFO:common:yaml file: schema.yaml loaded successfully
[2025-10-17 23:52:39,572]:INFO:common:created directory at: artifacts
[2025-10-17 23:52:39,573]:INFO:common:created directory at: artifacts/data_ingestion
[2025-10-17 23:52:39,573]:INFO:data_ingestion:file already exists of size
[2025-10-17 23:52:39,574]:INFO:main:>>>>>> stage Data Ingestion stage completed <<<<<<
[2025-10-17 23:52:39,574]:INFO:main:>>>>>> stage Data Validation stage started <<<<<<
[2025-10-17 23:52:39,576]:INFO:common:yaml file: config\config.yaml loaded successfully
[2025-10-17 23:52:39,578]:INFO:common:yaml file: params.yaml loaded successfully
[2025-10-17 23:52:39,578]:INFO:common:yaml file: schema.yaml loaded successfully
[2025-10-17 23:52:39,579]:INFO:common:created directory at: artifacts
[2025-10-17 23:52:39,579]:INFO:common:created directory at: artifacts/data_validation
[2025-10-17 23:52:39,615]:INFO:main:>>>>>> stage Data Validation stage completed <<<<<<
[2025-10-17 23:52:39,615]:INFO:main:>>>>>> stage Data Transformation stage started <<<<<<
[2025-10-17 23:52:39,615]:INFO:common:yaml file: config\config.yaml loaded successfully
[2025-10-17 23:52:39,615]:INFO:common:yaml file: params.yaml loaded successfully
[2025-10-17 23:52:39,615]:INFO:common:yaml file: schema.yaml loaded successfully
[2025-10-17 23:52:39,615]:INFO:common:created directory at: artifacts
[2025-10-17 23:52:39,615]:INFO:common:created directory at: artifacts/data_transformation
[2025-10-17 23:52:39,636]:INFO:data_tranformation:Splitted data into trainning and test split
[2025-10-17 23:52:39,637]:INFO:data_tranformation:(1199, 12)
[2025-10-17 23:52:39,637]:INFO:data_tranformation:(400, 12)
[2025-10-17 23:52:39,638]:INFO:data_transformation_pipeline:>>>>>> stage Data Transformation stage completed <<<<<<
[2025-10-17 23:52:39,638]:INFO:main:>>>>>> stage Data Transformation stage completed <<<<<<
[2025-10-17 23:52:39,638]:INFO:main:>>>>>> stage Model Trainer stage started <<<<<<
[2025-10-17 23:52:39,640]:INFO:common:yaml file: config\config.yaml loaded successfully
[2025-10-17 23:52:39,640]:INFO:common:yaml file: params.yaml loaded successfully
[2025-10-17 23:52:39,641]:INFO:common:yaml file: schema.yaml loaded successfully
[2025-10-17 23:52:39,641]:INFO:common:created directory at: artifacts
[2025-10-17 23:52:39,641]:INFO:common:created directory at: artifacts/model_trainer
[2025-10-17 23:52:39,698]:INFO:model_trainer:Model is trained and saved at artifacts/model_trainer
[2025-10-17 23:52:39,698]:INFO:main:>>>>>> stage Model Trainer stage completed <<<<<<
[2025-10-17 23:52:39,699]:INFO:main:>>>>>> stage Model Evaluation stage started <<<<<<
[2025-10-17 23:52:39,700]:INFO:common:yaml file: config\config.yaml loaded successfully
[2025-10-17 23:52:39,700]:INFO:common:yaml file: params.yaml loaded successfully
[2025-10-17 23:52:39,701]:INFO:common:yaml file: schema.yaml loaded successfully
[2025-10-17 23:52:39,701]:INFO:common:created directory at: artifacts
[2025-10-17 23:52:39,701]:INFO:common:created directory at: artifacts/model_evaluation
[2025-10-17 23:52:41,300]:INFO:common:json file: artifacts\model_evaluation\metrics.json saved successfully
[2025-10-17 23:52:49,845]:INFO:main:>>>>>> stage Model Evaluation stage completed <<<<<<
[2025-10-17 23:52:50,151]:INFO:_internal:127.0.0.1 - - [17/Oct/2025 23:52:50] "GET /train HTTP/1.1" 200 -
[2025-10-17 23:54:29,101]:INFO:_internal:127.0.0.1 - - [17/Oct/2025 23:54:29] "POST /predict HTTP/1.1" 200 -
[2025-10-17 23:56:46,692]:INFO:main:>>>>>> stage Data Ingestion stage started <<<<<<
[2025-10-17 23:56:46,692]:INFO:common:yaml file: config\config.yaml loaded successfully
[2025-10-17 23:56:46,692]:INFO:common:yaml file: params.yaml loaded successfully
[2025-10-17 23:56:46,692]:INFO:common:yaml file: schema.yaml loaded successfully
[2025-10-17 23:56:46,692]:INFO:common:created directory at: artifacts
[2025-10-17 23:56:46,692]:INFO:common:created directory at: artifacts/data_ingestion
[2025-10-17 23:56:46,692]:INFO:data_ingestion:file already exists of size
[2025-10-17 23:56:46,692]:INFO:main:>>>>>> stage Data Ingestion stage completed <<<<<<
[2025-10-17 23:56:46,692]:INFO:main:>>>>>> stage Data Validation stage started <<<<<<
[2025-10-17 23:56:46,704]:INFO:common:yaml file: config\config.yaml loaded successfully
[2025-10-17 23:56:46,705]:INFO:common:yaml file: params.yaml loaded successfully
[2025-10-17 23:56:46,706]:INFO:common:yaml file: schema.yaml loaded successfully
[2025-10-17 23:56:46,706]:INFO:common:created directory at: artifacts
[2025-10-17 23:56:46,706]:INFO:common:created directory at: artifacts/data_validation
[2025-10-17 23:56:46,742]:INFO:main:>>>>>> stage Data Validation stage completed <<<<<<
[2025-10-17 23:56:46,742]:INFO:main:>>>>>> stage Data Transformation stage started <<<<<<
[2025-10-17 23:56:46,745]:INFO:common:yaml file: config\config.yaml loaded successfully
[2025-10-17 23:56:46,746]:INFO:common:yaml file: params.yaml loaded successfully
[2025-10-17 23:56:46,747]:INFO:common:yaml file: schema.yaml loaded successfully
[2025-10-17 23:56:46,747]:INFO:common:created directory at: artifacts
[2025-10-17 23:56:46,747]:INFO:common:created directory at: artifacts/data_transformation
[2025-10-17 23:56:46,761]:INFO:data_tranformation:Splitted data into trainning and test split
[2025-10-17 23:56:46,761]:INFO:data_tranformation:(1199, 12)
[2025-10-17 23:56:46,762]:INFO:data_tranformation:(400, 12)
[2025-10-17 23:56:46,762]:INFO:data_transformation_pipeline:>>>>>> stage Data Transformation stage completed <<<<<<
[2025-10-17 23:56:46,762]:INFO:main:>>>>>> stage Data Transformation stage completed <<<<<<
[2025-10-17 23:56:46,763]:INFO:main:>>>>>> stage Model Trainer stage started <<<<<<
[2025-10-17 23:56:46,764]:INFO:common:yaml file: config\config.yaml loaded successfully
[2025-10-17 23:56:46,765]:INFO:common:yaml file: params.yaml loaded successfully
[2025-10-17 23:56:46,766]:INFO:common:yaml file: schema.yaml loaded successfully
[2025-10-17 23:56:46,766]:INFO:common:created directory at: artifacts
[2025-10-17 23:56:46,767]:INFO:common:created directory at: artifacts/model_trainer
[2025-10-17 23:56:46,810]:INFO:model_trainer:Model is trained and saved at artifacts/model_trainer
[2025-10-17 23:56:46,810]:INFO:main:>>>>>> stage Model Trainer stage completed <<<<<<
[2025-10-17 23:56:46,810]:INFO:main:>>>>>> stage Model Evaluation stage started <<<<<<
[2025-10-17 23:56:46,810]:INFO:common:yaml file: config\config.yaml loaded successfully
[2025-10-17 23:56:46,810]:INFO:common:yaml file: params.yaml loaded successfully
[2025-10-17 23:56:46,810]:INFO:common:yaml file: schema.yaml loaded successfully
[2025-10-17 23:56:46,810]:INFO:common:created directory at: artifacts
[2025-10-17 23:56:46,810]:INFO:common:created directory at: artifacts/model_evaluation
[2025-10-17 23:56:48,424]:INFO:common:json file: artifacts\model_evaluation\metrics.json saved successfully
[2025-10-17 23:56:57,483]:INFO:main:>>>>>> stage Model Evaluation stage completed <<<<<<
